Started GET "/" for 127.0.0.1 at 2025-09-11 14:41:10 +0300
  [1m[36mActiveRecord::SchemaMigration Load (0.1ms)[0m  [1m[34mSELECT "schema_migrations"."version" FROM "schema_migrations" ORDER BY "schema_migrations"."version" ASC /*application='Internal'*/[0m
Processing by Admin::DashboardController#index as HTML
  Rendering layout /home/gleb/.rbenv/versions/3.2.2/lib/ruby/gems/3.2.0/gems/activeadmin-4.0.0.beta16/app/views/layouts/active_admin.html.erb
  Rendering /home/gleb/.rbenv/versions/3.2.2/lib/ruby/gems/3.2.0/gems/activeadmin-4.0.0.beta16/app/views/active_admin/page/index.html.arb within layouts/active_admin
  [1m[36mPost Count (0.6ms)[0m  [1m[34mSELECT COUNT(*) FROM "posts" /*action='index',application='Internal',controller='dashboard'*/[0m
  ↳ app/admin/dashboard.rb:14:in `block (4 levels) in <top (required)>'
  [1m[36mCategory Count (0.0ms)[0m  [1m[34mSELECT COUNT(*) FROM "categories" /*action='index',application='Internal',controller='dashboard'*/[0m
  ↳ app/admin/dashboard.rb:15:in `block (4 levels) in <top (required)>'
  [1m[36mUser Count (0.0ms)[0m  [1m[34mSELECT COUNT(*) FROM "users" /*action='index',application='Internal',controller='dashboard'*/[0m
  ↳ app/admin/dashboard.rb:16:in `block (4 levels) in <top (required)>'
  [1m[36mRgbColor Count (0.0ms)[0m  [1m[34mSELECT COUNT(*) FROM "rgb_colors" /*action='index',application='Internal',controller='dashboard'*/[0m
  ↳ app/admin/dashboard.rb:17:in `block (4 levels) in <top (required)>'
  [1m[36mPost Load (0.1ms)[0m  [1m[34mSELECT "posts".* FROM "posts" LIMIT 5 /*action='index',application='Internal',controller='dashboard'*/[0m
  ↳ app/admin/dashboard.rb:23:in `map'
  Rendered /home/gleb/.rbenv/versions/3.2.2/lib/ruby/gems/3.2.0/gems/activeadmin-4.0.0.beta16/app/views/active_admin/page/index.html.arb within layouts/active_admin (Duration: 14.7ms | GC: 4.7ms)
  Rendered /home/gleb/.rbenv/versions/3.2.2/lib/ruby/gems/3.2.0/gems/activeadmin-4.0.0.beta16/app/views/active_admin/_html_head.html.erb (Duration: 6.0ms | GC: 0.4ms)
  Rendered /home/gleb/.rbenv/versions/3.2.2/lib/ruby/gems/3.2.0/gems/activeadmin-4.0.0.beta16/app/views/active_admin/_site_header.html.erb (Duration: 0.3ms | GC: 0.0ms)
  Rendered /home/gleb/.rbenv/versions/3.2.2/lib/ruby/gems/3.2.0/gems/activeadmin-4.0.0.beta16/app/views/active_admin/_main_navigation.html.erb (Duration: 2.9ms | GC: 0.3ms)
  Rendered /home/gleb/.rbenv/versions/3.2.2/lib/ruby/gems/3.2.0/gems/activeadmin-4.0.0.beta16/app/views/active_admin/_page_header.html.erb (Duration: 0.3ms | GC: 0.0ms)
  Rendered /home/gleb/.rbenv/versions/3.2.2/lib/ruby/gems/3.2.0/gems/activeadmin-4.0.0.beta16/app/views/active_admin/_flash_messages.html.erb (Duration: 0.2ms | GC: 0.0ms)
  Rendered /home/gleb/.rbenv/versions/3.2.2/lib/ruby/gems/3.2.0/gems/activeadmin-4.0.0.beta16/app/views/active_admin/_sidebar.html.erb (Duration: 0.1ms | GC: 0.0ms)
  Rendered /home/gleb/.rbenv/versions/3.2.2/lib/ruby/gems/3.2.0/gems/activeadmin-4.0.0.beta16/app/views/active_admin/_site_footer.html.erb (Duration: 0.3ms | GC: 0.0ms)
  Rendered layout /home/gleb/.rbenv/versions/3.2.2/lib/ruby/gems/3.2.0/gems/activeadmin-4.0.0.beta16/app/views/layouts/active_admin.html.erb (Duration: 26.7ms | GC: 5.5ms)
Completed 200 OK in 46ms (Views: 29.0ms | ActiveRecord: 1.3ms (5 queries, 0 cached) | GC: 5.5ms)


Started GET "/admin/categories" for 127.0.0.1 at 2025-09-11 14:41:11 +0300
Processing by Admin::CategoriesController#index as HTML
  Rendering layout /home/gleb/.rbenv/versions/3.2.2/lib/ruby/gems/3.2.0/gems/activeadmin-4.0.0.beta16/app/views/layouts/active_admin.html.erb
  Rendering /home/gleb/.rbenv/versions/3.2.2/lib/ruby/gems/3.2.0/gems/activeadmin-4.0.0.beta16/app/views/active_admin/resource/index.html.arb within layouts/active_admin
  Rendered /home/gleb/.rbenv/versions/3.2.2/lib/ruby/gems/3.2.0/gems/activeadmin-4.0.0.beta16/app/views/active_admin/resource/_batch_actions_dropdown.html.erb (Duration: 1.3ms | GC: 0.3ms)
  [1m[36mCategory Load (0.1ms)[0m  [1m[34mSELECT "categories".* FROM "categories" ORDER BY "categories"."id" desc LIMIT 30 OFFSET 0 /*action='index',application='Internal',controller='categories'*/[0m
  Rendered /home/gleb/.rbenv/versions/3.2.2/lib/ruby/gems/3.2.0/gems/activeadmin-4.0.0.beta16/app/views/active_admin/shared/_download_format_links.html.erb (Duration: 1.6ms | GC: 0.0ms)
  Rendered /home/gleb/.rbenv/versions/3.2.2/lib/ruby/gems/3.2.0/gems/activeadmin-4.0.0.beta16/app/views/active_admin/resource/_index_table_actions_default.html.erb (Duration: 0.6ms | GC: 0.0ms)
  Rendered /home/gleb/.rbenv/versions/3.2.2/lib/ruby/gems/3.2.0/gems/activeadmin-4.0.0.beta16/app/views/active_admin/resource/_index_table_actions_default.html.erb (Duration: 0.2ms | GC: 0.0ms)
  Rendered /home/gleb/.rbenv/versions/3.2.2/lib/ruby/gems/3.2.0/gems/activeadmin-4.0.0.beta16/app/views/active_admin/resource/_index_table_actions_default.html.erb (Duration: 0.2ms | GC: 0.0ms)
  Rendered /home/gleb/.rbenv/versions/3.2.2/lib/ruby/gems/3.2.0/gems/activeadmin-4.0.0.beta16/app/views/active_admin/resource/_index_table_actions_default.html.erb (Duration: 0.4ms | GC: 0.1ms)
  Rendered /home/gleb/.rbenv/versions/3.2.2/lib/ruby/gems/3.2.0/gems/activeadmin-4.0.0.beta16/app/views/active_admin/resource/_index_table_actions_default.html.erb (Duration: 0.2ms | GC: 0.0ms)
  Rendered /home/gleb/.rbenv/versions/3.2.2/lib/ruby/gems/3.2.0/gems/activeadmin-4.0.0.beta16/app/views/active_admin/resource/index.html.arb within layouts/active_admin (Duration: 21.3ms | GC: 1.4ms)
  Rendered /home/gleb/.rbenv/versions/3.2.2/lib/ruby/gems/3.2.0/gems/activeadmin-4.0.0.beta16/app/views/active_admin/_html_head.html.erb (Duration: 0.4ms | GC: 0.0ms)
  Rendered /home/gleb/.rbenv/versions/3.2.2/lib/ruby/gems/3.2.0/gems/activeadmin-4.0.0.beta16/app/views/active_admin/_site_header.html.erb (Duration: 0.1ms | GC: 0.0ms)
  Rendered /home/gleb/.rbenv/versions/3.2.2/lib/ruby/gems/3.2.0/gems/activeadmin-4.0.0.beta16/app/views/active_admin/_main_navigation.html.erb (Duration: 2.6ms | GC: 0.1ms)
  Rendered /home/gleb/.rbenv/versions/3.2.2/lib/ruby/gems/3.2.0/gems/activeadmin-4.0.0.beta16/app/views/active_admin/shared/_action_items.html.erb (Duration: 0.3ms | GC: 0.0ms)
  Rendered /home/gleb/.rbenv/versions/3.2.2/lib/ruby/gems/3.2.0/gems/activeadmin-4.0.0.beta16/app/views/active_admin/_page_header.html.erb (Duration: 0.7ms | GC: 0.0ms)
  Rendered /home/gleb/.rbenv/versions/3.2.2/lib/ruby/gems/3.2.0/gems/activeadmin-4.0.0.beta16/app/views/active_admin/_flash_messages.html.erb (Duration: 0.0ms | GC: 0.0ms)
  Rendered /home/gleb/.rbenv/versions/3.2.2/lib/ruby/gems/3.2.0/gems/activeadmin-4.0.0.beta16/app/views/active_admin/shared/_sidebar_section.html.arb (Duration: 4.4ms | GC: 0.1ms)
  Rendered /home/gleb/.rbenv/versions/3.2.2/lib/ruby/gems/3.2.0/gems/activeadmin-4.0.0.beta16/app/views/active_admin/shared/_sidebar_sections.html.erb (Duration: 4.8ms | GC: 0.1ms)
  Rendered /home/gleb/.rbenv/versions/3.2.2/lib/ruby/gems/3.2.0/gems/activeadmin-4.0.0.beta16/app/views/active_admin/_sidebar.html.erb (Duration: 5.0ms | GC: 0.1ms)
  Rendered /home/gleb/.rbenv/versions/3.2.2/lib/ruby/gems/3.2.0/gems/activeadmin-4.0.0.beta16/app/views/active_admin/_site_footer.html.erb (Duration: 0.2ms | GC: 0.1ms)
  Rendered layout /home/gleb/.rbenv/versions/3.2.2/lib/ruby/gems/3.2.0/gems/activeadmin-4.0.0.beta16/app/views/layouts/active_admin.html.erb (Duration: 31.2ms | GC: 1.7ms)
Completed 200 OK in 52ms (Views: 32.6ms | ActiveRecord: 0.7ms (1 query, 0 cached) | GC: 2.1ms)


Started GET "/admin/option_types" for 127.0.0.1 at 2025-09-11 14:41:12 +0300
Processing by Admin::OptionTypesController#index as HTML
  Rendering layout /home/gleb/.rbenv/versions/3.2.2/lib/ruby/gems/3.2.0/gems/activeadmin-4.0.0.beta16/app/views/layouts/active_admin.html.erb
  Rendering /home/gleb/.rbenv/versions/3.2.2/lib/ruby/gems/3.2.0/gems/activeadmin-4.0.0.beta16/app/views/active_admin/resource/index.html.arb within layouts/active_admin
  Rendered /home/gleb/.rbenv/versions/3.2.2/lib/ruby/gems/3.2.0/gems/activeadmin-4.0.0.beta16/app/views/active_admin/resource/_batch_actions_dropdown.html.erb (Duration: 0.5ms | GC: 0.0ms)
  [1m[36mOptionType Load (0.1ms)[0m  [1m[34mSELECT "option_types".* FROM "option_types" ORDER BY "option_types"."id" desc LIMIT 30 OFFSET 0 /*action='index',application='Internal',controller='option_types'*/[0m
  Rendered /home/gleb/.rbenv/versions/3.2.2/lib/ruby/gems/3.2.0/gems/activeadmin-4.0.0.beta16/app/views/active_admin/resource/_index_blank_slate.html.erb (Duration: 0.8ms | GC: 0.0ms)
  Rendered /home/gleb/.rbenv/versions/3.2.2/lib/ruby/gems/3.2.0/gems/activeadmin-4.0.0.beta16/app/views/active_admin/resource/index.html.arb within layouts/active_admin (Duration: 6.1ms | GC: 0.5ms)
  Rendered /home/gleb/.rbenv/versions/3.2.2/lib/ruby/gems/3.2.0/gems/activeadmin-4.0.0.beta16/app/views/active_admin/_html_head.html.erb (Duration: 0.5ms | GC: 0.0ms)
  Rendered /home/gleb/.rbenv/versions/3.2.2/lib/ruby/gems/3.2.0/gems/activeadmin-4.0.0.beta16/app/views/active_admin/_site_header.html.erb (Duration: 0.1ms | GC: 0.0ms)
  Rendered /home/gleb/.rbenv/versions/3.2.2/lib/ruby/gems/3.2.0/gems/activeadmin-4.0.0.beta16/app/views/active_admin/_main_navigation.html.erb (Duration: 4.1ms | GC: 0.0ms)
  Rendered /home/gleb/.rbenv/versions/3.2.2/lib/ruby/gems/3.2.0/gems/activeadmin-4.0.0.beta16/app/views/active_admin/shared/_action_items.html.erb (Duration: 0.2ms | GC: 0.0ms)
  Rendered /home/gleb/.rbenv/versions/3.2.2/lib/ruby/gems/3.2.0/gems/activeadmin-4.0.0.beta16/app/views/active_admin/_page_header.html.erb (Duration: 0.5ms | GC: 0.0ms)
  Rendered /home/gleb/.rbenv/versions/3.2.2/lib/ruby/gems/3.2.0/gems/activeadmin-4.0.0.beta16/app/views/active_admin/_flash_messages.html.erb (Duration: 0.1ms | GC: 0.0ms)
  Rendered /home/gleb/.rbenv/versions/3.2.2/lib/ruby/gems/3.2.0/gems/activeadmin-4.0.0.beta16/app/views/active_admin/shared/_sidebar_section.html.arb (Duration: 1.9ms | GC: 0.3ms)
  Rendered /home/gleb/.rbenv/versions/3.2.2/lib/ruby/gems/3.2.0/gems/activeadmin-4.0.0.beta16/app/views/active_admin/shared/_sidebar_sections.html.erb (Duration: 2.0ms | GC: 0.3ms)
  Rendered /home/gleb/.rbenv/versions/3.2.2/lib/ruby/gems/3.2.0/gems/activeadmin-4.0.0.beta16/app/views/active_admin/_sidebar.html.erb (Duration: 2.1ms | GC: 0.3ms)
  Rendered /home/gleb/.rbenv/versions/3.2.2/lib/ruby/gems/3.2.0/gems/activeadmin-4.0.0.beta16/app/views/active_admin/_site_footer.html.erb (Duration: 0.1ms | GC: 0.0ms)
  Rendered layout /home/gleb/.rbenv/versions/3.2.2/lib/ruby/gems/3.2.0/gems/activeadmin-4.0.0.beta16/app/views/layouts/active_admin.html.erb (Duration: 14.8ms | GC: 0.9ms)
Completed 200 OK in 27ms (Views: 16.0ms | ActiveRecord: 0.5ms (1 query, 0 cached) | GC: 0.9ms)


Started GET "/admin/posts" for 127.0.0.1 at 2025-09-11 14:45:17 +0300
Processing by Admin::PostsController#index as HTML
  Rendering layout /home/gleb/.rbenv/versions/3.2.2/lib/ruby/gems/3.2.0/gems/activeadmin-4.0.0.beta16/app/views/layouts/active_admin.html.erb
  Rendering /home/gleb/.rbenv/versions/3.2.2/lib/ruby/gems/3.2.0/gems/activeadmin-4.0.0.beta16/app/views/active_admin/resource/index.html.arb within layouts/active_admin
  Rendered /home/gleb/.rbenv/versions/3.2.2/lib/ruby/gems/3.2.0/gems/activeadmin-4.0.0.beta16/app/views/active_admin/resource/_batch_actions_dropdown.html.erb (Duration: 1.5ms | GC: 1.2ms)
  [1m[36mPost Load (2.2ms)[0m  [1m[34mSELECT "posts".* FROM "posts" ORDER BY "posts"."id" desc LIMIT 30 OFFSET 0 /*action='index',application='Internal',controller='posts'*/[0m
  Rendered /home/gleb/.rbenv/versions/3.2.2/lib/ruby/gems/3.2.0/gems/activeadmin-4.0.0.beta16/app/views/active_admin/shared/_download_format_links.html.erb (Duration: 0.8ms | GC: 0.6ms)
  [1m[36mCategory Load (0.1ms)[0m  [1m[34mSELECT "categories".* FROM "categories" WHERE "categories"."id" = 2 LIMIT 1 /*action='index',application='Internal',controller='posts'*/[0m
  ↳ app/admin/posts.rb:8:in `block (2 levels) in <top (required)>'
  [1m[36mCategory Load (0.0ms)[0m  [1m[34mSELECT "categories".* FROM "categories" WHERE "categories"."id" = 5 LIMIT 1 /*action='index',application='Internal',controller='posts'*/[0m
  ↳ app/admin/posts.rb:8:in `block (2 levels) in <top (required)>'
  [1m[36mCategory Load (0.3ms)[0m  [1m[34mSELECT "categories".* FROM "categories" WHERE "categories"."id" = 1 LIMIT 1 /*action='index',application='Internal',controller='posts'*/[0m
  ↳ app/admin/posts.rb:8:in `block (2 levels) in <top (required)>'
  [1m[36mCACHE Category Load (0.0ms)[0m  [1m[34mSELECT "categories".* FROM "categories" WHERE "categories"."id" = 2 LIMIT 1[0m
  ↳ app/admin/posts.rb:8:in `block (2 levels) in <top (required)>'
  [1m[36mCategory Load (0.0ms)[0m  [1m[34mSELECT "categories".* FROM "categories" WHERE "categories"."id" = 4 LIMIT 1 /*action='index',application='Internal',controller='posts'*/[0m
  ↳ app/admin/posts.rb:8:in `block (2 levels) in <top (required)>'
  [1m[36mCACHE Category Load (0.0ms)[0m  [1m[34mSELECT "categories".* FROM "categories" WHERE "categories"."id" = 2 LIMIT 1[0m
  ↳ app/admin/posts.rb:8:in `block (2 levels) in <top (required)>'
  [1m[36mCACHE Category Load (0.0ms)[0m  [1m[34mSELECT "categories".* FROM "categories" WHERE "categories"."id" = 5 LIMIT 1[0m
  ↳ app/admin/posts.rb:8:in `block (2 levels) in <top (required)>'
  [1m[36mCACHE Category Load (0.0ms)[0m  [1m[34mSELECT "categories".* FROM "categories" WHERE "categories"."id" = 1 LIMIT 1[0m
  ↳ app/admin/posts.rb:8:in `block (2 levels) in <top (required)>'
  [1m[36mCACHE Category Load (0.0ms)[0m  [1m[34mSELECT "categories".* FROM "categories" WHERE "categories"."id" = 1 LIMIT 1[0m
  ↳ app/admin/posts.rb:8:in `block (2 levels) in <top (required)>'
  [1m[36mCategory Load (0.0ms)[0m  [1m[34mSELECT "categories".* FROM "categories" WHERE "categories"."id" = 3 LIMIT 1 /*action='index',application='Internal',controller='posts'*/[0m
  ↳ app/admin/posts.rb:8:in `block (2 levels) in <top (required)>'
  [1m[36mCACHE Category Load (0.0ms)[0m  [1m[34mSELECT "categories".* FROM "categories" WHERE "categories"."id" = 3 LIMIT 1[0m
  ↳ app/admin/posts.rb:8:in `block (2 levels) in <top (required)>'
  [1m[36mCACHE Category Load (0.0ms)[0m  [1m[34mSELECT "categories".* FROM "categories" WHERE "categories"."id" = 5 LIMIT 1[0m
  ↳ app/admin/posts.rb:8:in `block (2 levels) in <top (required)>'
  [1m[36mCACHE Category Load (0.0ms)[0m  [1m[34mSELECT "categories".* FROM "categories" WHERE "categories"."id" = 5 LIMIT 1[0m
  ↳ app/admin/posts.rb:8:in `block (2 levels) in <top (required)>'
  [1m[36mCACHE Category Load (0.0ms)[0m  [1m[34mSELECT "categories".* FROM "categories" WHERE "categories"."id" = 5 LIMIT 1[0m
  ↳ app/admin/posts.rb:8:in `block (2 levels) in <top (required)>'
  [1m[36mCACHE Category Load (0.0ms)[0m  [1m[34mSELECT "categories".* FROM "categories" WHERE "categories"."id" = 3 LIMIT 1[0m
  ↳ app/admin/posts.rb:8:in `block (2 levels) in <top (required)>'
  [1m[36mCACHE Category Load (0.0ms)[0m  [1m[34mSELECT "categories".* FROM "categories" WHERE "categories"."id" = 3 LIMIT 1[0m
  ↳ app/admin/posts.rb:8:in `block (2 levels) in <top (required)>'
  [1m[36mCACHE Category Load (0.0ms)[0m  [1m[34mSELECT "categories".* FROM "categories" WHERE "categories"."id" = 4 LIMIT 1[0m
  ↳ app/admin/posts.rb:8:in `block (2 levels) in <top (required)>'
  [1m[36mCACHE Category Load (0.0ms)[0m  [1m[34mSELECT "categories".* FROM "categories" WHERE "categories"."id" = 2 LIMIT 1[0m
  ↳ app/admin/posts.rb:8:in `block (2 levels) in <top (required)>'
  [1m[36mCACHE Category Load (0.0ms)[0m  [1m[34mSELECT "categories".* FROM "categories" WHERE "categories"."id" = 4 LIMIT 1[0m
  ↳ app/admin/posts.rb:8:in `block (2 levels) in <top (required)>'
  [1m[36mCACHE Category Load (0.0ms)[0m  [1m[34mSELECT "categories".* FROM "categories" WHERE "categories"."id" = 5 LIMIT 1[0m
  ↳ app/admin/posts.rb:8:in `block (2 levels) in <top (required)>'
  [1m[36mUser Load (0.1ms)[0m  [1m[34mSELECT "users".* FROM "users" WHERE "users"."id" = 8 LIMIT 1 /*action='index',application='Internal',controller='posts'*/[0m
  ↳ app/admin/posts.rb:9:in `block (2 levels) in <top (required)>'
  [1m[36mUser Load (0.0ms)[0m  [1m[34mSELECT "users".* FROM "users" WHERE "users"."id" = 5 LIMIT 1 /*action='index',application='Internal',controller='posts'*/[0m
  ↳ app/admin/posts.rb:9:in `block (2 levels) in <top (required)>'
  [1m[36mCACHE User Load (0.0ms)[0m  [1m[34mSELECT "users".* FROM "users" WHERE "users"."id" = 5 LIMIT 1[0m
  ↳ app/admin/posts.rb:9:in `block (2 levels) in <top (required)>'
  [1m[36mCACHE User Load (0.0ms)[0m  [1m[34mSELECT "users".* FROM "users" WHERE "users"."id" = 8 LIMIT 1[0m
  ↳ app/admin/posts.rb:9:in `block (2 levels) in <top (required)>'
  [1m[36mUser Load (0.1ms)[0m  [1m[34mSELECT "users".* FROM "users" WHERE "users"."id" = 9 LIMIT 1 /*action='index',application='Internal',controller='posts'*/[0m
  ↳ app/admin/posts.rb:9:in `block (2 levels) in <top (required)>'
  [1m[36mUser Load (0.0ms)[0m  [1m[34mSELECT "users".* FROM "users" WHERE "users"."id" = 10 LIMIT 1 /*action='index',application='Internal',controller='posts'*/[0m
  ↳ app/admin/posts.rb:9:in `block (2 levels) in <top (required)>'
  [1m[36mUser Load (0.0ms)[0m  [1m[34mSELECT "users".* FROM "users" WHERE "users"."id" = 2 LIMIT 1 /*action='index',application='Internal',controller='posts'*/[0m
  ↳ app/admin/posts.rb:9:in `block (2 levels) in <top (required)>'
  [1m[36mCACHE User Load (0.0ms)[0m  [1m[34mSELECT "users".* FROM "users" WHERE "users"."id" = 8 LIMIT 1[0m
  ↳ app/admin/posts.rb:9:in `block (2 levels) in <top (required)>'
  [1m[36mCACHE User Load (0.0ms)[0m  [1m[34mSELECT "users".* FROM "users" WHERE "users"."id" = 8 LIMIT 1[0m
  ↳ app/admin/posts.rb:9:in `block (2 levels) in <top (required)>'
  [1m[36mUser Load (0.0ms)[0m  [1m[34mSELECT "users".* FROM "users" WHERE "users"."id" = 4 LIMIT 1 /*action='index',application='Internal',controller='posts'*/[0m
  ↳ app/admin/posts.rb:9:in `block (2 levels) in <top (required)>'
  [1m[36mCACHE User Load (0.0ms)[0m  [1m[34mSELECT "users".* FROM "users" WHERE "users"."id" = 8 LIMIT 1[0m
  ↳ app/admin/posts.rb:9:in `block (2 levels) in <top (required)>'
  [1m[36mCACHE User Load (0.0ms)[0m  [1m[34mSELECT "users".* FROM "users" WHERE "users"."id" = 2 LIMIT 1[0m
  ↳ app/admin/posts.rb:9:in `block (2 levels) in <top (required)>'
  [1m[36mUser Load (0.1ms)[0m  [1m[34mSELECT "users".* FROM "users" WHERE "users"."id" = 1 LIMIT 1 /*action='index',application='Internal',controller='posts'*/[0m
  ↳ app/admin/posts.rb:9:in `block (2 levels) in <top (required)>'
  [1m[36mUser Load (0.0ms)[0m  [1m[34mSELECT "users".* FROM "users" WHERE "users"."id" = 7 LIMIT 1 /*action='index',application='Internal',controller='posts'*/[0m
  ↳ app/admin/posts.rb:9:in `block (2 levels) in <top (required)>'
  [1m[36mCACHE User Load (0.0ms)[0m  [1m[34mSELECT "users".* FROM "users" WHERE "users"."id" = 1 LIMIT 1[0m
  ↳ app/admin/posts.rb:9:in `block (2 levels) in <top (required)>'
  [1m[36mUser Load (0.0ms)[0m  [1m[34mSELECT "users".* FROM "users" WHERE "users"."id" = 3 LIMIT 1 /*action='index',application='Internal',controller='posts'*/[0m
  ↳ app/admin/posts.rb:9:in `block (2 levels) in <top (required)>'
  [1m[36mCACHE User Load (0.0ms)[0m  [1m[34mSELECT "users".* FROM "users" WHERE "users"."id" = 1 LIMIT 1[0m
  ↳ app/admin/posts.rb:9:in `block (2 levels) in <top (required)>'
  [1m[36mCACHE User Load (0.0ms)[0m  [1m[34mSELECT "users".* FROM "users" WHERE "users"."id" = 1 LIMIT 1[0m
  ↳ app/admin/posts.rb:9:in `block (2 levels) in <top (required)>'
  [1m[36mCACHE User Load (0.0ms)[0m  [1m[34mSELECT "users".* FROM "users" WHERE "users"."id" = 8 LIMIT 1[0m
  ↳ app/admin/posts.rb:9:in `block (2 levels) in <top (required)>'
  [1m[36mCACHE User Load (0.0ms)[0m  [1m[34mSELECT "users".* FROM "users" WHERE "users"."id" = 4 LIMIT 1[0m
  ↳ app/admin/posts.rb:9:in `block (2 levels) in <top (required)>'
  Rendered /home/gleb/.rbenv/versions/3.2.2/lib/ruby/gems/3.2.0/gems/activeadmin-4.0.0.beta16/app/views/active_admin/resource/_index_table_actions_default.html.erb (Duration: 0.2ms | GC: 0.0ms)
  Rendered /home/gleb/.rbenv/versions/3.2.2/lib/ruby/gems/3.2.0/gems/activeadmin-4.0.0.beta16/app/views/active_admin/resource/_index_table_actions_default.html.erb (Duration: 0.2ms | GC: 0.0ms)
  Rendered /home/gleb/.rbenv/versions/3.2.2/lib/ruby/gems/3.2.0/gems/activeadmin-4.0.0.beta16/app/views/active_admin/resource/_index_table_actions_default.html.erb (Duration: 0.2ms | GC: 0.0ms)
  Rendered /home/gleb/.rbenv/versions/3.2.2/lib/ruby/gems/3.2.0/gems/activeadmin-4.0.0.beta16/app/views/active_admin/resource/_index_table_actions_default.html.erb (Duration: 0.2ms | GC: 0.0ms)
  Rendered /home/gleb/.rbenv/versions/3.2.2/lib/ruby/gems/3.2.0/gems/activeadmin-4.0.0.beta16/app/views/active_admin/resource/_index_table_actions_default.html.erb (Duration: 0.2ms | GC: 0.0ms)
  Rendered /home/gleb/.rbenv/versions/3.2.2/lib/ruby/gems/3.2.0/gems/activeadmin-4.0.0.beta16/app/views/active_admin/resource/_index_table_actions_default.html.erb (Duration: 0.2ms | GC: 0.0ms)
  Rendered /home/gleb/.rbenv/versions/3.2.2/lib/ruby/gems/3.2.0/gems/activeadmin-4.0.0.beta16/app/views/active_admin/resource/_index_table_actions_default.html.erb (Duration: 0.2ms | GC: 0.0ms)
  Rendered /home/gleb/.rbenv/versions/3.2.2/lib/ruby/gems/3.2.0/gems/activeadmin-4.0.0.beta16/app/views/active_admin/resource/_index_table_actions_default.html.erb (Duration: 0.2ms | GC: 0.0ms)
  Rendered /home/gleb/.rbenv/versions/3.2.2/lib/ruby/gems/3.2.0/gems/activeadmin-4.0.0.beta16/app/views/active_admin/resource/_index_table_actions_default.html.erb (Duration: 0.2ms | GC: 0.0ms)
  Rendered /home/gleb/.rbenv/versions/3.2.2/lib/ruby/gems/3.2.0/gems/activeadmin-4.0.0.beta16/app/views/active_admin/resource/_index_table_actions_default.html.erb (Duration: 0.2ms | GC: 0.0ms)
  Rendered /home/gleb/.rbenv/versions/3.2.2/lib/ruby/gems/3.2.0/gems/activeadmin-4.0.0.beta16/app/views/active_admin/resource/_index_table_actions_default.html.erb (Duration: 0.2ms | GC: 0.0ms)
  Rendered /home/gleb/.rbenv/versions/3.2.2/lib/ruby/gems/3.2.0/gems/activeadmin-4.0.0.beta16/app/views/active_admin/resource/_index_table_actions_default.html.erb (Duration: 0.2ms | GC: 0.0ms)
  Rendered /home/gleb/.rbenv/versions/3.2.2/lib/ruby/gems/3.2.0/gems/activeadmin-4.0.0.beta16/app/views/active_admin/resource/_index_table_actions_default.html.erb (Duration: 0.3ms | GC: 0.0ms)
  Rendered /home/gleb/.rbenv/versions/3.2.2/lib/ruby/gems/3.2.0/gems/activeadmin-4.0.0.beta16/app/views/active_admin/resource/_index_table_actions_default.html.erb (Duration: 0.2ms | GC: 0.0ms)
  Rendered /home/gleb/.rbenv/versions/3.2.2/lib/ruby/gems/3.2.0/gems/activeadmin-4.0.0.beta16/app/views/active_admin/resource/_index_table_actions_default.html.erb (Duration: 0.2ms | GC: 0.0ms)
  Rendered /home/gleb/.rbenv/versions/3.2.2/lib/ruby/gems/3.2.0/gems/activeadmin-4.0.0.beta16/app/views/active_admin/resource/_index_table_actions_default.html.erb (Duration: 0.2ms | GC: 0.0ms)
  Rendered /home/gleb/.rbenv/versions/3.2.2/lib/ruby/gems/3.2.0/gems/activeadmin-4.0.0.beta16/app/views/active_admin/resource/_index_table_actions_default.html.erb (Duration: 0.2ms | GC: 0.0ms)
  Rendered /home/gleb/.rbenv/versions/3.2.2/lib/ruby/gems/3.2.0/gems/activeadmin-4.0.0.beta16/app/views/active_admin/resource/_index_table_actions_default.html.erb (Duration: 0.2ms | GC: 0.0ms)
  Rendered /home/gleb/.rbenv/versions/3.2.2/lib/ruby/gems/3.2.0/gems/activeadmin-4.0.0.beta16/app/views/active_admin/resource/_index_table_actions_default.html.erb (Duration: 0.3ms | GC: 0.0ms)
  Rendered /home/gleb/.rbenv/versions/3.2.2/lib/ruby/gems/3.2.0/gems/activeadmin-4.0.0.beta16/app/views/active_admin/resource/_index_table_actions_default.html.erb (Duration: 0.3ms | GC: 0.0ms)
  Rendered /home/gleb/.rbenv/versions/3.2.2/lib/ruby/gems/3.2.0/gems/activeadmin-4.0.0.beta16/app/views/active_admin/resource/index.html.arb within layouts/active_admin (Duration: 77.8ms | GC: 20.8ms)
  Rendered /home/gleb/.rbenv/versions/3.2.2/lib/ruby/gems/3.2.0/gems/activeadmin-4.0.0.beta16/app/views/active_admin/_html_head.html.erb (Duration: 1.5ms | GC: 0.0ms)
  Rendered /home/gleb/.rbenv/versions/3.2.2/lib/ruby/gems/3.2.0/gems/activeadmin-4.0.0.beta16/app/views/active_admin/_site_header.html.erb (Duration: 0.1ms | GC: 0.0ms)
  Rendered /home/gleb/.rbenv/versions/3.2.2/lib/ruby/gems/3.2.0/gems/activeadmin-4.0.0.beta16/app/views/active_admin/_main_navigation.html.erb (Duration: 2.4ms | GC: 0.1ms)
  Rendered /home/gleb/.rbenv/versions/3.2.2/lib/ruby/gems/3.2.0/gems/activeadmin-4.0.0.beta16/app/views/active_admin/shared/_action_items.html.erb (Duration: 0.2ms | GC: 0.0ms)
  Rendered /home/gleb/.rbenv/versions/3.2.2/lib/ruby/gems/3.2.0/gems/activeadmin-4.0.0.beta16/app/views/active_admin/_page_header.html.erb (Duration: 0.4ms | GC: 0.0ms)
  Rendered /home/gleb/.rbenv/versions/3.2.2/lib/ruby/gems/3.2.0/gems/activeadmin-4.0.0.beta16/app/views/active_admin/_flash_messages.html.erb (Duration: 0.0ms | GC: 0.0ms)
  Rendered /home/gleb/.rbenv/versions/3.2.2/lib/ruby/gems/3.2.0/gems/activeadmin-4.0.0.beta16/app/views/active_admin/shared/_sidebar_section.html.arb (Duration: 4.1ms | GC: 0.2ms)
  Rendered /home/gleb/.rbenv/versions/3.2.2/lib/ruby/gems/3.2.0/gems/activeadmin-4.0.0.beta16/app/views/active_admin/shared/_sidebar_sections.html.erb (Duration: 4.2ms | GC: 0.2ms)
  Rendered /home/gleb/.rbenv/versions/3.2.2/lib/ruby/gems/3.2.0/gems/activeadmin-4.0.0.beta16/app/views/active_admin/_sidebar.html.erb (Duration: 4.3ms | GC: 0.2ms)
  Rendered /home/gleb/.rbenv/versions/3.2.2/lib/ruby/gems/3.2.0/gems/activeadmin-4.0.0.beta16/app/views/active_admin/_site_footer.html.erb (Duration: 0.1ms | GC: 0.0ms)
  Rendered layout /home/gleb/.rbenv/versions/3.2.2/lib/ruby/gems/3.2.0/gems/activeadmin-4.0.0.beta16/app/views/layouts/active_admin.html.erb (Duration: 87.4ms | GC: 21.2ms)
Completed 200 OK in 107ms (Views: 84.7ms | ActiveRecord: 3.4ms (41 queries, 26 cached) | GC: 34.1ms)


Started GET "/admin/posts/new" for 127.0.0.1 at 2025-09-11 14:45:19 +0300
Processing by Admin::PostsController#new as HTML
  Rendering layout /home/gleb/.rbenv/versions/3.2.2/lib/ruby/gems/3.2.0/gems/activeadmin-4.0.0.beta16/app/views/layouts/active_admin.html.erb
  Rendering /home/gleb/.rbenv/versions/3.2.2/lib/ruby/gems/3.2.0/gems/activeadmin-4.0.0.beta16/app/views/active_admin/resource/new.html.arb within layouts/active_admin
  Rendered /home/gleb/.rbenv/versions/3.2.2/lib/ruby/gems/3.2.0/gems/activeadmin-4.0.0.beta16/app/views/active_admin/resource/_form.html.arb (Duration: 9.5ms | GC: 0.1ms)
  Rendered /home/gleb/.rbenv/versions/3.2.2/lib/ruby/gems/3.2.0/gems/activeadmin-4.0.0.beta16/app/views/active_admin/resource/new.html.arb within layouts/active_admin (Duration: 10.2ms | GC: 0.1ms)
  Rendered /home/gleb/.rbenv/versions/3.2.2/lib/ruby/gems/3.2.0/gems/activeadmin-4.0.0.beta16/app/views/active_admin/_html_head.html.erb (Duration: 0.4ms | GC: 0.0ms)
  Rendered /home/gleb/.rbenv/versions/3.2.2/lib/ruby/gems/3.2.0/gems/activeadmin-4.0.0.beta16/app/views/active_admin/_site_header.html.erb (Duration: 0.1ms | GC: 0.0ms)
  Rendered /home/gleb/.rbenv/versions/3.2.2/lib/ruby/gems/3.2.0/gems/activeadmin-4.0.0.beta16/app/views/active_admin/_main_navigation.html.erb (Duration: 4.2ms | GC: 0.0ms)
  Rendered /home/gleb/.rbenv/versions/3.2.2/lib/ruby/gems/3.2.0/gems/activeadmin-4.0.0.beta16/app/views/active_admin/_page_header.html.erb (Duration: 0.2ms | GC: 0.0ms)
  Rendered /home/gleb/.rbenv/versions/3.2.2/lib/ruby/gems/3.2.0/gems/activeadmin-4.0.0.beta16/app/views/active_admin/_flash_messages.html.erb (Duration: 0.1ms | GC: 0.0ms)
  Rendered /home/gleb/.rbenv/versions/3.2.2/lib/ruby/gems/3.2.0/gems/activeadmin-4.0.0.beta16/app/views/active_admin/_sidebar.html.erb (Duration: 0.0ms | GC: 0.0ms)
  Rendered /home/gleb/.rbenv/versions/3.2.2/lib/ruby/gems/3.2.0/gems/activeadmin-4.0.0.beta16/app/views/active_admin/_site_footer.html.erb (Duration: 0.1ms | GC: 0.0ms)
  Rendered layout /home/gleb/.rbenv/versions/3.2.2/lib/ruby/gems/3.2.0/gems/activeadmin-4.0.0.beta16/app/views/layouts/active_admin.html.erb (Duration: 16.3ms | GC: 0.1ms)
Completed 200 OK in 26ms (Views: 17.0ms | ActiveRecord: 0.0ms (0 queries, 0 cached) | GC: 0.1ms)


Started GET "/admin/categories/all_options?term=" for 127.0.0.1 at 2025-09-11 14:45:21 +0300
Processing by Admin::CategoriesController#all_options as */*
  Parameters: {"term"=>""}
  [1m[36mCategory Load (0.3ms)[0m  [1m[34mSELECT "categories".* FROM "categories" LIMIT 11 OFFSET 0 /*action='all_options',application='Internal',controller='categories'*/[0m
Completed 200 OK in 17ms (Views: 0.2ms | ActiveRecord: 0.3ms (1 query, 0 cached) | GC: 0.0ms)


Started GET "/.well-known/appspecific/com.chrome.devtools.json" for 127.0.0.1 at 2025-09-11 14:45:22 +0300
  
ActionController::RoutingError (No route matches [GET] "/.well-known/appspecific/com.chrome.devtools.json"):
  
Started GET "/admin/posts/new" for 127.0.0.1 at 2025-09-11 14:45:26 +0300
Processing by Admin::PostsController#new as HTML
  Rendering layout /home/gleb/.rbenv/versions/3.2.2/lib/ruby/gems/3.2.0/gems/activeadmin-4.0.0.beta16/app/views/layouts/active_admin.html.erb
  Rendering /home/gleb/.rbenv/versions/3.2.2/lib/ruby/gems/3.2.0/gems/activeadmin-4.0.0.beta16/app/views/active_admin/resource/new.html.arb within layouts/active_admin
  Rendered /home/gleb/.rbenv/versions/3.2.2/lib/ruby/gems/3.2.0/gems/activeadmin-4.0.0.beta16/app/views/active_admin/resource/_form.html.arb (Duration: 5.7ms | GC: 0.5ms)
  Rendered /home/gleb/.rbenv/versions/3.2.2/lib/ruby/gems/3.2.0/gems/activeadmin-4.0.0.beta16/app/views/active_admin/resource/new.html.arb within layouts/active_admin (Duration: 6.0ms | GC: 0.5ms)
  Rendered /home/gleb/.rbenv/versions/3.2.2/lib/ruby/gems/3.2.0/gems/activeadmin-4.0.0.beta16/app/views/active_admin/_html_head.html.erb (Duration: 0.4ms | GC: 0.0ms)
  Rendered /home/gleb/.rbenv/versions/3.2.2/lib/ruby/gems/3.2.0/gems/activeadmin-4.0.0.beta16/app/views/active_admin/_site_header.html.erb (Duration: 0.1ms | GC: 0.0ms)
  Rendered /home/gleb/.rbenv/versions/3.2.2/lib/ruby/gems/3.2.0/gems/activeadmin-4.0.0.beta16/app/views/active_admin/_main_navigation.html.erb (Duration: 4.1ms | GC: 0.1ms)
  Rendered /home/gleb/.rbenv/versions/3.2.2/lib/ruby/gems/3.2.0/gems/activeadmin-4.0.0.beta16/app/views/active_admin/_page_header.html.erb (Duration: 0.5ms | GC: 0.2ms)
  Rendered /home/gleb/.rbenv/versions/3.2.2/lib/ruby/gems/3.2.0/gems/activeadmin-4.0.0.beta16/app/views/active_admin/_flash_messages.html.erb (Duration: 0.1ms | GC: 0.0ms)
  Rendered /home/gleb/.rbenv/versions/3.2.2/lib/ruby/gems/3.2.0/gems/activeadmin-4.0.0.beta16/app/views/active_admin/_sidebar.html.erb (Duration: 0.0ms | GC: 0.0ms)
  Rendered /home/gleb/.rbenv/versions/3.2.2/lib/ruby/gems/3.2.0/gems/activeadmin-4.0.0.beta16/app/views/active_admin/_site_footer.html.erb (Duration: 0.1ms | GC: 0.0ms)
  Rendered layout /home/gleb/.rbenv/versions/3.2.2/lib/ruby/gems/3.2.0/gems/activeadmin-4.0.0.beta16/app/views/layouts/active_admin.html.erb (Duration: 12.5ms | GC: 0.9ms)
Completed 200 OK in 20ms (Views: 12.8ms | ActiveRecord: 0.0ms (0 queries, 0 cached) | GC: 0.9ms)


Started GET "/.well-known/appspecific/com.chrome.devtools.json" for 127.0.0.1 at 2025-09-11 14:45:26 +0300
  
ActionController::RoutingError (No route matches [GET] "/.well-known/appspecific/com.chrome.devtools.json"):
  
Started GET "/admin/posts/new" for 127.0.0.1 at 2025-09-11 14:45:28 +0300
Processing by Admin::PostsController#new as HTML
  Rendering layout /home/gleb/.rbenv/versions/3.2.2/lib/ruby/gems/3.2.0/gems/activeadmin-4.0.0.beta16/app/views/layouts/active_admin.html.erb
  Rendering /home/gleb/.rbenv/versions/3.2.2/lib/ruby/gems/3.2.0/gems/activeadmin-4.0.0.beta16/app/views/active_admin/resource/new.html.arb within layouts/active_admin
  Rendered /home/gleb/.rbenv/versions/3.2.2/lib/ruby/gems/3.2.0/gems/activeadmin-4.0.0.beta16/app/views/active_admin/resource/_form.html.arb (Duration: 4.8ms | GC: 0.2ms)
  Rendered /home/gleb/.rbenv/versions/3.2.2/lib/ruby/gems/3.2.0/gems/activeadmin-4.0.0.beta16/app/views/active_admin/resource/new.html.arb within layouts/active_admin (Duration: 5.0ms | GC: 0.2ms)
  Rendered /home/gleb/.rbenv/versions/3.2.2/lib/ruby/gems/3.2.0/gems/activeadmin-4.0.0.beta16/app/views/active_admin/_html_head.html.erb (Duration: 0.5ms | GC: 0.0ms)
  Rendered /home/gleb/.rbenv/versions/3.2.2/lib/ruby/gems/3.2.0/gems/activeadmin-4.0.0.beta16/app/views/active_admin/_site_header.html.erb (Duration: 0.1ms | GC: 0.0ms)
  Rendered /home/gleb/.rbenv/versions/3.2.2/lib/ruby/gems/3.2.0/gems/activeadmin-4.0.0.beta16/app/views/active_admin/_main_navigation.html.erb (Duration: 4.9ms | GC: 0.2ms)
  Rendered /home/gleb/.rbenv/versions/3.2.2/lib/ruby/gems/3.2.0/gems/activeadmin-4.0.0.beta16/app/views/active_admin/_page_header.html.erb (Duration: 0.2ms | GC: 0.0ms)
  Rendered /home/gleb/.rbenv/versions/3.2.2/lib/ruby/gems/3.2.0/gems/activeadmin-4.0.0.beta16/app/views/active_admin/_flash_messages.html.erb (Duration: 0.0ms | GC: 0.0ms)
  Rendered /home/gleb/.rbenv/versions/3.2.2/lib/ruby/gems/3.2.0/gems/activeadmin-4.0.0.beta16/app/views/active_admin/_sidebar.html.erb (Duration: 0.0ms | GC: 0.0ms)
  Rendered /home/gleb/.rbenv/versions/3.2.2/lib/ruby/gems/3.2.0/gems/activeadmin-4.0.0.beta16/app/views/active_admin/_site_footer.html.erb (Duration: 0.1ms | GC: 0.0ms)
  Rendered layout /home/gleb/.rbenv/versions/3.2.2/lib/ruby/gems/3.2.0/gems/activeadmin-4.0.0.beta16/app/views/layouts/active_admin.html.erb (Duration: 12.0ms | GC: 0.5ms)
Completed 200 OK in 18ms (Views: 12.3ms | ActiveRecord: 0.0ms (0 queries, 0 cached) | GC: 0.5ms)


Started GET "/.well-known/appspecific/com.chrome.devtools.json" for 127.0.0.1 at 2025-09-11 14:45:28 +0300
  
ActionController::RoutingError (No route matches [GET] "/.well-known/appspecific/com.chrome.devtools.json"):
  
Started GET "/favicon.ico" for 127.0.0.1 at 2025-09-11 14:45:28 +0300
  
ActionController::RoutingError (No route matches [GET] "/favicon.ico"):
  
